[30-Jan-2020 23:26:53 America/Sao_Paulo] PHP Warning:  require(vendor/google/recaptcha/src/autoload.php): failed to open stream: No such file or directory in C:\wamp64319\www\ancora-ti.com.br\demos\adianti\erpsimples\app\control\admin\LoginForm.php on line 14
[30-Jan-2020 23:26:53 America/Sao_Paulo] PHP Stack trace:
[30-Jan-2020 23:26:53 America/Sao_Paulo] PHP   1. {main}() C:\wamp64319\www\ancora-ti.com.br\demos\adianti\erpsimples\engine.php:0
[30-Jan-2020 23:26:53 America/Sao_Paulo] PHP   2. TApplication::run() C:\wamp64319\www\ancora-ti.com.br\demos\adianti\erpsimples\engine.php:74
[30-Jan-2020 23:26:53 America/Sao_Paulo] PHP   3. Adianti\Core\AdiantiCoreApplication::run() C:\wamp64319\www\ancora-ti.com.br\demos\adianti\erpsimples\engine.php:36
[30-Jan-2020 23:26:53 America/Sao_Paulo] PHP   4. class_exists() C:\wamp64319\www\ancora-ti.com.br\demos\adianti\erpsimples\lib\adianti\core\AdiantiCoreApplication.php:62
[30-Jan-2020 23:26:53 America/Sao_Paulo] PHP   5. spl_autoload_call() C:\wamp64319\www\ancora-ti.com.br\demos\adianti\erpsimples\lib\adianti\core\AdiantiCoreApplication.php:62
[30-Jan-2020 23:26:53 America/Sao_Paulo] PHP   6. Adianti\Core\AdiantiCoreLoader::autoload() C:\wamp64319\www\ancora-ti.com.br\demos\adianti\erpsimples\lib\adianti\core\AdiantiCoreApplication.php:62
[30-Jan-2020 23:26:53 America/Sao_Paulo] PHP   7. Adianti\Core\AdiantiApplicationLoader::autoload() C:\wamp64319\www\ancora-ti.com.br\demos\adianti\erpsimples\lib\adianti\core\AdiantiCoreLoader.php:78
[30-Jan-2020 23:26:53 America/Sao_Paulo] PHP   8. require_once() C:\wamp64319\www\ancora-ti.com.br\demos\adianti\erpsimples\lib\adianti\core\AdiantiApplicationLoader.php:82
[30-Jan-2020 23:26:53 America/Sao_Paulo] PHP Fatal error:  require(): Failed opening required 'vendor/google/recaptcha/src/autoload.php' (include_path='C:\wamp64319\www\ancora-ti.com.br\demos\adianti\erpsimples\vendor/pablodalloglio/ole;C:\wamp64319\www\ancora-ti.com.br\demos\adianti\erpsimples\vendor/pablodalloglio/spreadsheet_excel_writer;.;C:\php\pear') in C:\wamp64319\www\ancora-ti.com.br\demos\adianti\erpsimples\app\control\admin\LoginForm.php on line 14
[30-Jan-2020 23:26:53 America/Sao_Paulo] PHP Stack trace:
[30-Jan-2020 23:26:53 America/Sao_Paulo] PHP   1. {main}() C:\wamp64319\www\ancora-ti.com.br\demos\adianti\erpsimples\engine.php:0
[30-Jan-2020 23:26:53 America/Sao_Paulo] PHP   2. TApplication::run() C:\wamp64319\www\ancora-ti.com.br\demos\adianti\erpsimples\engine.php:74
[30-Jan-2020 23:26:53 America/Sao_Paulo] PHP   3. Adianti\Core\AdiantiCoreApplication::run() C:\wamp64319\www\ancora-ti.com.br\demos\adianti\erpsimples\engine.php:36
[30-Jan-2020 23:26:53 America/Sao_Paulo] PHP   4. class_exists() C:\wamp64319\www\ancora-ti.com.br\demos\adianti\erpsimples\lib\adianti\core\AdiantiCoreApplication.php:62
[30-Jan-2020 23:26:53 America/Sao_Paulo] PHP   5. spl_autoload_call() C:\wamp64319\www\ancora-ti.com.br\demos\adianti\erpsimples\lib\adianti\core\AdiantiCoreApplication.php:62
[30-Jan-2020 23:26:53 America/Sao_Paulo] PHP   6. Adianti\Core\AdiantiCoreLoader::autoload() C:\wamp64319\www\ancora-ti.com.br\demos\adianti\erpsimples\lib\adianti\core\AdiantiCoreApplication.php:62
[30-Jan-2020 23:26:53 America/Sao_Paulo] PHP   7. Adianti\Core\AdiantiApplicationLoader::autoload() C:\wamp64319\www\ancora-ti.com.br\demos\adianti\erpsimples\lib\adianti\core\AdiantiCoreLoader.php:78
[30-Jan-2020 23:26:53 America/Sao_Paulo] PHP   8. require_once() C:\wamp64319\www\ancora-ti.com.br\demos\adianti\erpsimples\lib\adianti\core\AdiantiApplicationLoader.php:82
[30-Jan-2020 23:37:55 America/Sao_Paulo] PHP Warning:  include_once(app/lib/recaptcha/ReCaptcha.php): failed to open stream: No such file or directory in C:\wamp64319\www\ancora-ti.com.br\demos\adianti\erpsimples\app\control\admin\LoginForm.php on line 57
[30-Jan-2020 23:37:55 America/Sao_Paulo] PHP Stack trace:
[30-Jan-2020 23:37:55 America/Sao_Paulo] PHP   1. {main}() C:\wamp64319\www\ancora-ti.com.br\demos\adianti\erpsimples\engine.php:0
[30-Jan-2020 23:37:55 America/Sao_Paulo] PHP   2. TApplication::run() C:\wamp64319\www\ancora-ti.com.br\demos\adianti\erpsimples\engine.php:74
[30-Jan-2020 23:37:55 America/Sao_Paulo] PHP   3. Adianti\Core\AdiantiCoreApplication::run() C:\wamp64319\www\ancora-ti.com.br\demos\adianti\erpsimples\engine.php:36
[30-Jan-2020 23:37:55 America/Sao_Paulo] PHP   4. LoginForm->__construct() C:\wamp64319\www\ancora-ti.com.br\demos\adianti\erpsimples\lib\adianti\core\AdiantiCoreApplication.php:80
[30-Jan-2020 23:37:55 America/Sao_Paulo] PHP Warning:  include_once(): Failed opening 'app/lib/recaptcha/ReCaptcha.php' for inclusion (include_path='C:\wamp64319\www\ancora-ti.com.br\demos\adianti\erpsimples\vendor/pablodalloglio/ole;C:\wamp64319\www\ancora-ti.com.br\demos\adianti\erpsimples\vendor/pablodalloglio/spreadsheet_excel_writer;.;C:\php\pear') in C:\wamp64319\www\ancora-ti.com.br\demos\adianti\erpsimples\app\control\admin\LoginForm.php on line 57
[30-Jan-2020 23:37:55 America/Sao_Paulo] PHP Stack trace:
[30-Jan-2020 23:37:55 America/Sao_Paulo] PHP   1. {main}() C:\wamp64319\www\ancora-ti.com.br\demos\adianti\erpsimples\engine.php:0
[30-Jan-2020 23:37:55 America/Sao_Paulo] PHP   2. TApplication::run() C:\wamp64319\www\ancora-ti.com.br\demos\adianti\erpsimples\engine.php:74
[30-Jan-2020 23:37:55 America/Sao_Paulo] PHP   3. Adianti\Core\AdiantiCoreApplication::run() C:\wamp64319\www\ancora-ti.com.br\demos\adianti\erpsimples\engine.php:36
[30-Jan-2020 23:37:55 America/Sao_Paulo] PHP   4. LoginForm->__construct() C:\wamp64319\www\ancora-ti.com.br\demos\adianti\erpsimples\lib\adianti\core\AdiantiCoreApplication.php:80
[30-Jan-2020 23:38:36 America/Sao_Paulo] PHP Warning:  include_once(app/lib/recaptcha/ReCaptcha.php): failed to open stream: No such file or directory in C:\wamp64319\www\ancora-ti.com.br\demos\adianti\erpsimples\app\control\admin\LoginForm.php on line 57
[30-Jan-2020 23:38:36 America/Sao_Paulo] PHP Stack trace:
[30-Jan-2020 23:38:36 America/Sao_Paulo] PHP   1. {main}() C:\wamp64319\www\ancora-ti.com.br\demos\adianti\erpsimples\engine.php:0
[30-Jan-2020 23:38:36 America/Sao_Paulo] PHP   2. TApplication::run() C:\wamp64319\www\ancora-ti.com.br\demos\adianti\erpsimples\engine.php:74
[30-Jan-2020 23:38:36 America/Sao_Paulo] PHP   3. Adianti\Core\AdiantiCoreApplication::run() C:\wamp64319\www\ancora-ti.com.br\demos\adianti\erpsimples\engine.php:36
[30-Jan-2020 23:38:36 America/Sao_Paulo] PHP   4. LoginForm->__construct() C:\wamp64319\www\ancora-ti.com.br\demos\adianti\erpsimples\lib\adianti\core\AdiantiCoreApplication.php:80
[30-Jan-2020 23:38:36 America/Sao_Paulo] PHP Warning:  include_once(): Failed opening 'app/lib/recaptcha/ReCaptcha.php' for inclusion (include_path='C:\wamp64319\www\ancora-ti.com.br\demos\adianti\erpsimples\vendor/pablodalloglio/ole;C:\wamp64319\www\ancora-ti.com.br\demos\adianti\erpsimples\vendor/pablodalloglio/spreadsheet_excel_writer;.;C:\php\pear') in C:\wamp64319\www\ancora-ti.com.br\demos\adianti\erpsimples\app\control\admin\LoginForm.php on line 57
[30-Jan-2020 23:38:36 America/Sao_Paulo] PHP Stack trace:
[30-Jan-2020 23:38:36 America/Sao_Paulo] PHP   1. {main}() C:\wamp64319\www\ancora-ti.com.br\demos\adianti\erpsimples\engine.php:0
[30-Jan-2020 23:38:36 America/Sao_Paulo] PHP   2. TApplication::run() C:\wamp64319\www\ancora-ti.com.br\demos\adianti\erpsimples\engine.php:74
[30-Jan-2020 23:38:36 America/Sao_Paulo] PHP   3. Adianti\Core\AdiantiCoreApplication::run() C:\wamp64319\www\ancora-ti.com.br\demos\adianti\erpsimples\engine.php:36
[30-Jan-2020 23:38:36 America/Sao_Paulo] PHP   4. LoginForm->__construct() C:\wamp64319\www\ancora-ti.com.br\demos\adianti\erpsimples\lib\adianti\core\AdiantiCoreApplication.php:80
[30-Jan-2020 23:40:53 America/Sao_Paulo] PHP Warning:  include_once(app/lib/recaptcha/ReCaptcha.php): failed to open stream: No such file or directory in C:\wamp64319\www\ancora-ti.com.br\demos\adianti\erpsimples\app\control\admin\LoginForm.php on line 14
[30-Jan-2020 23:40:53 America/Sao_Paulo] PHP Stack trace:
[30-Jan-2020 23:40:53 America/Sao_Paulo] PHP   1. {main}() C:\wamp64319\www\ancora-ti.com.br\demos\adianti\erpsimples\engine.php:0
[30-Jan-2020 23:40:53 America/Sao_Paulo] PHP   2. TApplication::run() C:\wamp64319\www\ancora-ti.com.br\demos\adianti\erpsimples\engine.php:74
[30-Jan-2020 23:40:53 America/Sao_Paulo] PHP   3. Adianti\Core\AdiantiCoreApplication::run() C:\wamp64319\www\ancora-ti.com.br\demos\adianti\erpsimples\engine.php:36
[30-Jan-2020 23:40:53 America/Sao_Paulo] PHP   4. class_exists() C:\wamp64319\www\ancora-ti.com.br\demos\adianti\erpsimples\lib\adianti\core\AdiantiCoreApplication.php:62
[30-Jan-2020 23:40:53 America/Sao_Paulo] PHP   5. spl_autoload_call() C:\wamp64319\www\ancora-ti.com.br\demos\adianti\erpsimples\lib\adianti\core\AdiantiCoreApplication.php:62
[30-Jan-2020 23:40:53 America/Sao_Paulo] PHP   6. Adianti\Core\AdiantiCoreLoader::autoload() C:\wamp64319\www\ancora-ti.com.br\demos\adianti\erpsimples\lib\adianti\core\AdiantiCoreApplication.php:62
[30-Jan-2020 23:40:53 America/Sao_Paulo] PHP   7. Adianti\Core\AdiantiApplicationLoader::autoload() C:\wamp64319\www\ancora-ti.com.br\demos\adianti\erpsimples\lib\adianti\core\AdiantiCoreLoader.php:78
[30-Jan-2020 23:40:53 America/Sao_Paulo] PHP   8. require_once() C:\wamp64319\www\ancora-ti.com.br\demos\adianti\erpsimples\lib\adianti\core\AdiantiApplicationLoader.php:82
[30-Jan-2020 23:40:53 America/Sao_Paulo] PHP Warning:  include_once(): Failed opening 'app/lib/recaptcha/ReCaptcha.php' for inclusion (include_path='C:\wamp64319\www\ancora-ti.com.br\demos\adianti\erpsimples\vendor/pablodalloglio/ole;C:\wamp64319\www\ancora-ti.com.br\demos\adianti\erpsimples\vendor/pablodalloglio/spreadsheet_excel_writer;.;C:\php\pear') in C:\wamp64319\www\ancora-ti.com.br\demos\adianti\erpsimples\app\control\admin\LoginForm.php on line 14
[30-Jan-2020 23:40:53 America/Sao_Paulo] PHP Stack trace:
[30-Jan-2020 23:40:53 America/Sao_Paulo] PHP   1. {main}() C:\wamp64319\www\ancora-ti.com.br\demos\adianti\erpsimples\engine.php:0
[30-Jan-2020 23:40:53 America/Sao_Paulo] PHP   2. TApplication::run() C:\wamp64319\www\ancora-ti.com.br\demos\adianti\erpsimples\engine.php:74
[30-Jan-2020 23:40:53 America/Sao_Paulo] PHP   3. Adianti\Core\AdiantiCoreApplication::run() C:\wamp64319\www\ancora-ti.com.br\demos\adianti\erpsimples\engine.php:36
[30-Jan-2020 23:40:53 America/Sao_Paulo] PHP   4. class_exists() C:\wamp64319\www\ancora-ti.com.br\demos\adianti\erpsimples\lib\adianti\core\AdiantiCoreApplication.php:62
[30-Jan-2020 23:40:53 America/Sao_Paulo] PHP   5. spl_autoload_call() C:\wamp64319\www\ancora-ti.com.br\demos\adianti\erpsimples\lib\adianti\core\AdiantiCoreApplication.php:62
[30-Jan-2020 23:40:53 America/Sao_Paulo] PHP   6. Adianti\Core\AdiantiCoreLoader::autoload() C:\wamp64319\www\ancora-ti.com.br\demos\adianti\erpsimples\lib\adianti\core\AdiantiCoreApplication.php:62
[30-Jan-2020 23:40:53 America/Sao_Paulo] PHP   7. Adianti\Core\AdiantiApplicationLoader::autoload() C:\wamp64319\www\ancora-ti.com.br\demos\adianti\erpsimples\lib\adianti\core\AdiantiCoreLoader.php:78
[30-Jan-2020 23:40:53 America/Sao_Paulo] PHP   8. require_once() C:\wamp64319\www\ancora-ti.com.br\demos\adianti\erpsimples\lib\adianti\core\AdiantiApplicationLoader.php:82
[30-Jan-2020 23:41:09 America/Sao_Paulo] PHP Warning:  include_once(app/lib/recaptcha/ReCaptcha.php): failed to open stream: No such file or directory in C:\wamp64319\www\ancora-ti.com.br\demos\adianti\erpsimples\app\control\admin\LoginForm.php on line 14
[30-Jan-2020 23:41:09 America/Sao_Paulo] PHP Stack trace:
[30-Jan-2020 23:41:09 America/Sao_Paulo] PHP   1. {main}() C:\wamp64319\www\ancora-ti.com.br\demos\adianti\erpsimples\engine.php:0
[30-Jan-2020 23:41:09 America/Sao_Paulo] PHP   2. TApplication::run() C:\wamp64319\www\ancora-ti.com.br\demos\adianti\erpsimples\engine.php:74
[30-Jan-2020 23:41:09 America/Sao_Paulo] PHP   3. Adianti\Core\AdiantiCoreApplication::run() C:\wamp64319\www\ancora-ti.com.br\demos\adianti\erpsimples\engine.php:36
[30-Jan-2020 23:41:09 America/Sao_Paulo] PHP   4. class_exists() C:\wamp64319\www\ancora-ti.com.br\demos\adianti\erpsimples\lib\adianti\core\AdiantiCoreApplication.php:62
[30-Jan-2020 23:41:09 America/Sao_Paulo] PHP   5. spl_autoload_call() C:\wamp64319\www\ancora-ti.com.br\demos\adianti\erpsimples\lib\adianti\core\AdiantiCoreApplication.php:62
[30-Jan-2020 23:41:09 America/Sao_Paulo] PHP   6. Adianti\Core\AdiantiCoreLoader::autoload() C:\wamp64319\www\ancora-ti.com.br\demos\adianti\erpsimples\lib\adianti\core\AdiantiCoreApplication.php:62
[30-Jan-2020 23:41:09 America/Sao_Paulo] PHP   7. Adianti\Core\AdiantiApplicationLoader::autoload() C:\wamp64319\www\ancora-ti.com.br\demos\adianti\erpsimples\lib\adianti\core\AdiantiCoreLoader.php:78
[30-Jan-2020 23:41:09 America/Sao_Paulo] PHP   8. require_once() C:\wamp64319\www\ancora-ti.com.br\demos\adianti\erpsimples\lib\adianti\core\AdiantiApplicationLoader.php:82
[30-Jan-2020 23:41:09 America/Sao_Paulo] PHP Warning:  include_once(): Failed opening 'app/lib/recaptcha/ReCaptcha.php' for inclusion (include_path='C:\wamp64319\www\ancora-ti.com.br\demos\adianti\erpsimples\vendor/pablodalloglio/ole;C:\wamp64319\www\ancora-ti.com.br\demos\adianti\erpsimples\vendor/pablodalloglio/spreadsheet_excel_writer;.;C:\php\pear') in C:\wamp64319\www\ancora-ti.com.br\demos\adianti\erpsimples\app\control\admin\LoginForm.php on line 14
[30-Jan-2020 23:41:09 America/Sao_Paulo] PHP Stack trace:
[30-Jan-2020 23:41:09 America/Sao_Paulo] PHP   1. {main}() C:\wamp64319\www\ancora-ti.com.br\demos\adianti\erpsimples\engine.php:0
[30-Jan-2020 23:41:09 America/Sao_Paulo] PHP   2. TApplication::run() C:\wamp64319\www\ancora-ti.com.br\demos\adianti\erpsimples\engine.php:74
[30-Jan-2020 23:41:09 America/Sao_Paulo] PHP   3. Adianti\Core\AdiantiCoreApplication::run() C:\wamp64319\www\ancora-ti.com.br\demos\adianti\erpsimples\engine.php:36
[30-Jan-2020 23:41:09 America/Sao_Paulo] PHP   4. class_exists() C:\wamp64319\www\ancora-ti.com.br\demos\adianti\erpsimples\lib\adianti\core\AdiantiCoreApplication.php:62
[30-Jan-2020 23:41:09 America/Sao_Paulo] PHP   5. spl_autoload_call() C:\wamp64319\www\ancora-ti.com.br\demos\adianti\erpsimples\lib\adianti\core\AdiantiCoreApplication.php:62
[30-Jan-2020 23:41:09 America/Sao_Paulo] PHP   6. Adianti\Core\AdiantiCoreLoader::autoload() C:\wamp64319\www\ancora-ti.com.br\demos\adianti\erpsimples\lib\adianti\core\AdiantiCoreApplication.php:62
[30-Jan-2020 23:41:09 America/Sao_Paulo] PHP   7. Adianti\Core\AdiantiApplicationLoader::autoload() C:\wamp64319\www\ancora-ti.com.br\demos\adianti\erpsimples\lib\adianti\core\AdiantiCoreLoader.php:78
[30-Jan-2020 23:41:09 America/Sao_Paulo] PHP   8. require_once() C:\wamp64319\www\ancora-ti.com.br\demos\adianti\erpsimples\lib\adianti\core\AdiantiApplicationLoader.php:82
[30-Jan-2020 23:41:41 America/Sao_Paulo] PHP Warning:  include_once(app/lib/recaptcha/ReCaptcha.php): failed to open stream: No such file or directory in C:\wamp64319\www\ancora-ti.com.br\demos\adianti\erpsimples\app\control\admin\LoginForm.php on line 14
[30-Jan-2020 23:41:41 America/Sao_Paulo] PHP Stack trace:
[30-Jan-2020 23:41:41 America/Sao_Paulo] PHP   1. {main}() C:\wamp64319\www\ancora-ti.com.br\demos\adianti\erpsimples\engine.php:0
[30-Jan-2020 23:41:41 America/Sao_Paulo] PHP   2. TApplication::run() C:\wamp64319\www\ancora-ti.com.br\demos\adianti\erpsimples\engine.php:74
[30-Jan-2020 23:41:41 America/Sao_Paulo] PHP   3. Adianti\Core\AdiantiCoreApplication::run() C:\wamp64319\www\ancora-ti.com.br\demos\adianti\erpsimples\engine.php:36
[30-Jan-2020 23:41:41 America/Sao_Paulo] PHP   4. class_exists() C:\wamp64319\www\ancora-ti.com.br\demos\adianti\erpsimples\lib\adianti\core\AdiantiCoreApplication.php:62
[30-Jan-2020 23:41:41 America/Sao_Paulo] PHP   5. spl_autoload_call() C:\wamp64319\www\ancora-ti.com.br\demos\adianti\erpsimples\lib\adianti\core\AdiantiCoreApplication.php:62
[30-Jan-2020 23:41:41 America/Sao_Paulo] PHP   6. Adianti\Core\AdiantiCoreLoader::autoload() C:\wamp64319\www\ancora-ti.com.br\demos\adianti\erpsimples\lib\adianti\core\AdiantiCoreApplication.php:62
[30-Jan-2020 23:41:41 America/Sao_Paulo] PHP   7. Adianti\Core\AdiantiApplicationLoader::autoload() C:\wamp64319\www\ancora-ti.com.br\demos\adianti\erpsimples\lib\adianti\core\AdiantiCoreLoader.php:78
[30-Jan-2020 23:41:41 America/Sao_Paulo] PHP   8. require_once() C:\wamp64319\www\ancora-ti.com.br\demos\adianti\erpsimples\lib\adianti\core\AdiantiApplicationLoader.php:82
[30-Jan-2020 23:41:41 America/Sao_Paulo] PHP Warning:  include_once(): Failed opening 'app/lib/recaptcha/ReCaptcha.php' for inclusion (include_path='C:\wamp64319\www\ancora-ti.com.br\demos\adianti\erpsimples\vendor/pablodalloglio/ole;C:\wamp64319\www\ancora-ti.com.br\demos\adianti\erpsimples\vendor/pablodalloglio/spreadsheet_excel_writer;.;C:\php\pear') in C:\wamp64319\www\ancora-ti.com.br\demos\adianti\erpsimples\app\control\admin\LoginForm.php on line 14
[30-Jan-2020 23:41:41 America/Sao_Paulo] PHP Stack trace:
[30-Jan-2020 23:41:41 America/Sao_Paulo] PHP   1. {main}() C:\wamp64319\www\ancora-ti.com.br\demos\adianti\erpsimples\engine.php:0
[30-Jan-2020 23:41:41 America/Sao_Paulo] PHP   2. TApplication::run() C:\wamp64319\www\ancora-ti.com.br\demos\adianti\erpsimples\engine.php:74
[30-Jan-2020 23:41:41 America/Sao_Paulo] PHP   3. Adianti\Core\AdiantiCoreApplication::run() C:\wamp64319\www\ancora-ti.com.br\demos\adianti\erpsimples\engine.php:36
[30-Jan-2020 23:41:41 America/Sao_Paulo] PHP   4. class_exists() C:\wamp64319\www\ancora-ti.com.br\demos\adianti\erpsimples\lib\adianti\core\AdiantiCoreApplication.php:62
[30-Jan-2020 23:41:41 America/Sao_Paulo] PHP   5. spl_autoload_call() C:\wamp64319\www\ancora-ti.com.br\demos\adianti\erpsimples\lib\adianti\core\AdiantiCoreApplication.php:62
[30-Jan-2020 23:41:41 America/Sao_Paulo] PHP   6. Adianti\Core\AdiantiCoreLoader::autoload() C:\wamp64319\www\ancora-ti.com.br\demos\adianti\erpsimples\lib\adianti\core\AdiantiCoreApplication.php:62
[30-Jan-2020 23:41:41 America/Sao_Paulo] PHP   7. Adianti\Core\AdiantiApplicationLoader::autoload() C:\wamp64319\www\ancora-ti.com.br\demos\adianti\erpsimples\lib\adianti\core\AdiantiCoreLoader.php:78
[30-Jan-2020 23:41:41 America/Sao_Paulo] PHP   8. require_once() C:\wamp64319\www\ancora-ti.com.br\demos\adianti\erpsimples\lib\adianti\core\AdiantiApplicationLoader.php:82
[30-Jan-2020 23:42:20 America/Sao_Paulo] PHP Warning:  require(vendor/google/recaptcha/src/autoload.php): failed to open stream: No such file or directory in C:\wamp64319\www\ancora-ti.com.br\demos\adianti\erpsimples\app\control\admin\LoginForm.php on line 15
[30-Jan-2020 23:42:20 America/Sao_Paulo] PHP Stack trace:
[30-Jan-2020 23:42:20 America/Sao_Paulo] PHP   1. {main}() C:\wamp64319\www\ancora-ti.com.br\demos\adianti\erpsimples\engine.php:0
[30-Jan-2020 23:42:20 America/Sao_Paulo] PHP   2. TApplication::run() C:\wamp64319\www\ancora-ti.com.br\demos\adianti\erpsimples\engine.php:74
[30-Jan-2020 23:42:20 America/Sao_Paulo] PHP   3. Adianti\Core\AdiantiCoreApplication::run() C:\wamp64319\www\ancora-ti.com.br\demos\adianti\erpsimples\engine.php:36
[30-Jan-2020 23:42:20 America/Sao_Paulo] PHP   4. class_exists() C:\wamp64319\www\ancora-ti.com.br\demos\adianti\erpsimples\lib\adianti\core\AdiantiCoreApplication.php:62
[30-Jan-2020 23:42:20 America/Sao_Paulo] PHP   5. spl_autoload_call() C:\wamp64319\www\ancora-ti.com.br\demos\adianti\erpsimples\lib\adianti\core\AdiantiCoreApplication.php:62
[30-Jan-2020 23:42:20 America/Sao_Paulo] PHP   6. Adianti\Core\AdiantiCoreLoader::autoload() C:\wamp64319\www\ancora-ti.com.br\demos\adianti\erpsimples\lib\adianti\core\AdiantiCoreApplication.php:62
[30-Jan-2020 23:42:20 America/Sao_Paulo] PHP   7. Adianti\Core\AdiantiApplicationLoader::autoload() C:\wamp64319\www\ancora-ti.com.br\demos\adianti\erpsimples\lib\adianti\core\AdiantiCoreLoader.php:78
[30-Jan-2020 23:42:20 America/Sao_Paulo] PHP   8. require_once() C:\wamp64319\www\ancora-ti.com.br\demos\adianti\erpsimples\lib\adianti\core\AdiantiApplicationLoader.php:82
[30-Jan-2020 23:42:20 America/Sao_Paulo] PHP Fatal error:  require(): Failed opening required 'vendor/google/recaptcha/src/autoload.php' (include_path='C:\wamp64319\www\ancora-ti.com.br\demos\adianti\erpsimples\vendor/pablodalloglio/ole;C:\wamp64319\www\ancora-ti.com.br\demos\adianti\erpsimples\vendor/pablodalloglio/spreadsheet_excel_writer;.;C:\php\pear') in C:\wamp64319\www\ancora-ti.com.br\demos\adianti\erpsimples\app\control\admin\LoginForm.php on line 15
[30-Jan-2020 23:42:20 America/Sao_Paulo] PHP Stack trace:
[30-Jan-2020 23:42:20 America/Sao_Paulo] PHP   1. {main}() C:\wamp64319\www\ancora-ti.com.br\demos\adianti\erpsimples\engine.php:0
[30-Jan-2020 23:42:20 America/Sao_Paulo] PHP   2. TApplication::run() C:\wamp64319\www\ancora-ti.com.br\demos\adianti\erpsimples\engine.php:74
[30-Jan-2020 23:42:20 America/Sao_Paulo] PHP   3. Adianti\Core\AdiantiCoreApplication::run() C:\wamp64319\www\ancora-ti.com.br\demos\adianti\erpsimples\engine.php:36
[30-Jan-2020 23:42:20 America/Sao_Paulo] PHP   4. class_exists() C:\wamp64319\www\ancora-ti.com.br\demos\adianti\erpsimples\lib\adianti\core\AdiantiCoreApplication.php:62
[30-Jan-2020 23:42:20 America/Sao_Paulo] PHP   5. spl_autoload_call() C:\wamp64319\www\ancora-ti.com.br\demos\adianti\erpsimples\lib\adianti\core\AdiantiCoreApplication.php:62
[30-Jan-2020 23:42:20 America/Sao_Paulo] PHP   6. Adianti\Core\AdiantiCoreLoader::autoload() C:\wamp64319\www\ancora-ti.com.br\demos\adianti\erpsimples\lib\adianti\core\AdiantiCoreApplication.php:62
[30-Jan-2020 23:42:20 America/Sao_Paulo] PHP   7. Adianti\Core\AdiantiApplicationLoader::autoload() C:\wamp64319\www\ancora-ti.com.br\demos\adianti\erpsimples\lib\adianti\core\AdiantiCoreLoader.php:78
[30-Jan-2020 23:42:20 America/Sao_Paulo] PHP   8. require_once() C:\wamp64319\www\ancora-ti.com.br\demos\adianti\erpsimples\lib\adianti\core\AdiantiApplicationLoader.php:82
[30-Jan-2020 23:51:46 America/Sao_Paulo] PHP Warning:  require(vendor/google/recaptcha/src/autoload.php): failed to open stream: No such file or directory in C:\wamp64319\www\ancora-ti.com.br\demos\adianti\erpsimples\app\control\admin\LoginForm.php on line 15
[30-Jan-2020 23:51:46 America/Sao_Paulo] PHP Stack trace:
[30-Jan-2020 23:51:46 America/Sao_Paulo] PHP   1. {main}() C:\wamp64319\www\ancora-ti.com.br\demos\adianti\erpsimples\engine.php:0
[30-Jan-2020 23:51:46 America/Sao_Paulo] PHP   2. TApplication::run() C:\wamp64319\www\ancora-ti.com.br\demos\adianti\erpsimples\engine.php:74
[30-Jan-2020 23:51:46 America/Sao_Paulo] PHP   3. Adianti\Core\AdiantiCoreApplication::run() C:\wamp64319\www\ancora-ti.com.br\demos\adianti\erpsimples\engine.php:36
[30-Jan-2020 23:51:46 America/Sao_Paulo] PHP   4. class_exists() C:\wamp64319\www\ancora-ti.com.br\demos\adianti\erpsimples\lib\adianti\core\AdiantiCoreApplication.php:62
[30-Jan-2020 23:51:46 America/Sao_Paulo] PHP   5. spl_autoload_call() C:\wamp64319\www\ancora-ti.com.br\demos\adianti\erpsimples\lib\adianti\core\AdiantiCoreApplication.php:62
[30-Jan-2020 23:51:46 America/Sao_Paulo] PHP   6. Adianti\Core\AdiantiCoreLoader::autoload() C:\wamp64319\www\ancora-ti.com.br\demos\adianti\erpsimples\lib\adianti\core\AdiantiCoreApplication.php:62
[30-Jan-2020 23:51:46 America/Sao_Paulo] PHP   7. Adianti\Core\AdiantiApplicationLoader::autoload() C:\wamp64319\www\ancora-ti.com.br\demos\adianti\erpsimples\lib\adianti\core\AdiantiCoreLoader.php:78
[30-Jan-2020 23:51:46 America/Sao_Paulo] PHP   8. require_once() C:\wamp64319\www\ancora-ti.com.br\demos\adianti\erpsimples\lib\adianti\core\AdiantiApplicationLoader.php:82
[30-Jan-2020 23:51:46 America/Sao_Paulo] PHP Fatal error:  require(): Failed opening required 'vendor/google/recaptcha/src/autoload.php' (include_path='C:\wamp64319\www\ancora-ti.com.br\demos\adianti\erpsimples\vendor/pablodalloglio/ole;C:\wamp64319\www\ancora-ti.com.br\demos\adianti\erpsimples\vendor/pablodalloglio/spreadsheet_excel_writer;.;C:\php\pear') in C:\wamp64319\www\ancora-ti.com.br\demos\adianti\erpsimples\app\control\admin\LoginForm.php on line 15
[30-Jan-2020 23:51:46 America/Sao_Paulo] PHP Stack trace:
[30-Jan-2020 23:51:46 America/Sao_Paulo] PHP   1. {main}() C:\wamp64319\www\ancora-ti.com.br\demos\adianti\erpsimples\engine.php:0
[30-Jan-2020 23:51:46 America/Sao_Paulo] PHP   2. TApplication::run() C:\wamp64319\www\ancora-ti.com.br\demos\adianti\erpsimples\engine.php:74
[30-Jan-2020 23:51:46 America/Sao_Paulo] PHP   3. Adianti\Core\AdiantiCoreApplication::run() C:\wamp64319\www\ancora-ti.com.br\demos\adianti\erpsimples\engine.php:36
[30-Jan-2020 23:51:46 America/Sao_Paulo] PHP   4. class_exists() C:\wamp64319\www\ancora-ti.com.br\demos\adianti\erpsimples\lib\adianti\core\AdiantiCoreApplication.php:62
[30-Jan-2020 23:51:46 America/Sao_Paulo] PHP   5. spl_autoload_call() C:\wamp64319\www\ancora-ti.com.br\demos\adianti\erpsimples\lib\adianti\core\AdiantiCoreApplication.php:62
[30-Jan-2020 23:51:46 America/Sao_Paulo] PHP   6. Adianti\Core\AdiantiCoreLoader::autoload() C:\wamp64319\www\ancora-ti.com.br\demos\adianti\erpsimples\lib\adianti\core\AdiantiCoreApplication.php:62
[30-Jan-2020 23:51:46 America/Sao_Paulo] PHP   7. Adianti\Core\AdiantiApplicationLoader::autoload() C:\wamp64319\www\ancora-ti.com.br\demos\adianti\erpsimples\lib\adianti\core\AdiantiCoreLoader.php:78
[30-Jan-2020 23:51:46 America/Sao_Paulo] PHP   8. require_once() C:\wamp64319\www\ancora-ti.com.br\demos\adianti\erpsimples\lib\adianti\core\AdiantiApplicationLoader.php:82
